mode: set
github.com/scagogogo/npm-crawler/pkg/registry/mirror.go:22.34,24.2 1 0
github.com/scagogogo/npm-crawler/pkg/registry/mirror.go:45.34,47.2 1 0
github.com/scagogogo/npm-crawler/pkg/registry/mirror.go:69.36,71.2 1 0
github.com/scagogogo/npm-crawler/pkg/registry/mirror.go:92.38,94.2 1 0
github.com/scagogogo/npm-crawler/pkg/registry/mirror.go:116.37,118.2 1 0
github.com/scagogogo/npm-crawler/pkg/registry/mirror.go:140.39,142.2 1 0
github.com/scagogogo/npm-crawler/pkg/registry/mirror.go:164.41,166.2 1 0
github.com/scagogogo/npm-crawler/pkg/registry/options.go:44.28,48.2 1 1
github.com/scagogogo/npm-crawler/pkg/registry/options.go:63.55,66.2 2 1
github.com/scagogogo/npm-crawler/pkg/registry/options.go:89.54,92.2 2 0
github.com/scagogogo/npm-crawler/pkg/registry/options.go:111.57,112.19 1 0
github.com/scagogogo/npm-crawler/pkg/registry/options.go:112.19,114.3 1 0
github.com/scagogogo/npm-crawler/pkg/registry/options.go:116.2,117.16 2 0
github.com/scagogogo/npm-crawler/pkg/registry/options.go:117.16,119.3 1 0
github.com/scagogogo/npm-crawler/pkg/registry/options.go:121.2,127.8 2 0
github.com/scagogogo/npm-crawler/pkg/registry/registry.go:34.49,35.23 1 1
github.com/scagogogo/npm-crawler/pkg/registry/registry.go:35.23,37.3 1 1
github.com/scagogogo/npm-crawler/pkg/registry/registry.go:38.2,40.3 1 1
github.com/scagogogo/npm-crawler/pkg/registry/registry.go:80.101,83.16 3 0
github.com/scagogogo/npm-crawler/pkg/registry/registry.go:83.16,85.3 1 0
github.com/scagogogo/npm-crawler/pkg/registry/registry.go:86.2,86.58 1 0
github.com/scagogogo/npm-crawler/pkg/registry/registry.go:134.108,137.16 3 0
github.com/scagogogo/npm-crawler/pkg/registry/registry.go:137.16,139.3 1 0
github.com/scagogogo/npm-crawler/pkg/registry/registry.go:140.2,140.46 1 0
github.com/scagogogo/npm-crawler/pkg/registry/registry.go:165.111,166.16 1 0
github.com/scagogogo/npm-crawler/pkg/registry/registry.go:166.16,168.3 1 0
github.com/scagogogo/npm-crawler/pkg/registry/registry.go:169.2,171.16 3 0
github.com/scagogogo/npm-crawler/pkg/registry/registry.go:171.16,173.3 1 0
github.com/scagogogo/npm-crawler/pkg/registry/registry.go:174.2,174.51 1 0
github.com/scagogogo/npm-crawler/pkg/registry/registry.go:198.113,201.16 3 1
github.com/scagogogo/npm-crawler/pkg/registry/registry.go:201.16,203.3 1 1
github.com/scagogogo/npm-crawler/pkg/registry/registry.go:204.2,204.46 1 1
github.com/scagogogo/npm-crawler/pkg/registry/registry.go:227.117,231.16 4 0
github.com/scagogogo/npm-crawler/pkg/registry/registry.go:231.16,233.3 1 0
github.com/scagogogo/npm-crawler/pkg/registry/registry.go:234.2,234.52 1 0
github.com/scagogogo/npm-crawler/pkg/registry/registry.go:247.42,249.2 1 0
github.com/scagogogo/npm-crawler/pkg/registry/registry.go:261.52,264.16 3 1
github.com/scagogogo/npm-crawler/pkg/registry/registry.go:264.16,267.3 2 1
github.com/scagogogo/npm-crawler/pkg/registry/registry.go:268.2,268.15 1 1
github.com/scagogogo/npm-crawler/pkg/registry/registry.go:282.84,284.27 2 1
github.com/scagogogo/npm-crawler/pkg/registry/registry.go:284.27,286.3 1 0
github.com/scagogogo/npm-crawler/pkg/registry/registry.go:287.2,287.56 1 1
