mode: set
github.com/scagogogo/npm-crawler/pkg/registry/mirror.go:22.34,24.2 1 1
github.com/scagogogo/npm-crawler/pkg/registry/mirror.go:45.34,47.2 1 1
github.com/scagogogo/npm-crawler/pkg/registry/mirror.go:69.36,71.2 1 1
github.com/scagogogo/npm-crawler/pkg/registry/mirror.go:92.38,94.2 1 1
github.com/scagogogo/npm-crawler/pkg/registry/mirror.go:116.37,118.2 1 1
github.com/scagogogo/npm-crawler/pkg/registry/mirror.go:140.39,142.2 1 1
github.com/scagogogo/npm-crawler/pkg/registry/mirror.go:164.41,166.2 1 1
github.com/scagogogo/npm-crawler/pkg/registry/options.go:44.28,48.2 1 1
github.com/scagogogo/npm-crawler/pkg/registry/options.go:63.55,66.2 2 1
github.com/scagogogo/npm-crawler/pkg/registry/options.go:89.54,92.2 2 1
github.com/scagogogo/npm-crawler/pkg/registry/options.go:111.57,112.19 1 1
github.com/scagogogo/npm-crawler/pkg/registry/options.go:112.19,114.3 1 1
github.com/scagogogo/npm-crawler/pkg/registry/options.go:116.2,117.16 2 1
github.com/scagogogo/npm-crawler/pkg/registry/options.go:117.16,119.3 1 1
github.com/scagogogo/npm-crawler/pkg/registry/options.go:121.2,127.8 2 1
github.com/scagogogo/npm-crawler/pkg/registry/registry.go:35.49,36.23 1 1
github.com/scagogogo/npm-crawler/pkg/registry/registry.go:36.23,38.3 1 1
github.com/scagogogo/npm-crawler/pkg/registry/registry.go:39.2,41.3 1 1
github.com/scagogogo/npm-crawler/pkg/registry/registry.go:81.101,84.16 3 1
github.com/scagogogo/npm-crawler/pkg/registry/registry.go:84.16,86.3 1 1
github.com/scagogogo/npm-crawler/pkg/registry/registry.go:87.2,87.58 1 1
github.com/scagogogo/npm-crawler/pkg/registry/registry.go:135.108,138.16 3 1
github.com/scagogogo/npm-crawler/pkg/registry/registry.go:138.16,140.3 1 1
github.com/scagogogo/npm-crawler/pkg/registry/registry.go:141.2,141.46 1 1
github.com/scagogogo/npm-crawler/pkg/registry/registry.go:166.111,167.16 1 1
github.com/scagogogo/npm-crawler/pkg/registry/registry.go:167.16,169.3 1 1
github.com/scagogogo/npm-crawler/pkg/registry/registry.go:170.2,172.16 3 1
github.com/scagogogo/npm-crawler/pkg/registry/registry.go:172.16,174.3 1 1
github.com/scagogogo/npm-crawler/pkg/registry/registry.go:175.2,175.51 1 1
github.com/scagogogo/npm-crawler/pkg/registry/registry.go:199.113,202.16 3 1
github.com/scagogogo/npm-crawler/pkg/registry/registry.go:202.16,204.3 1 1
github.com/scagogogo/npm-crawler/pkg/registry/registry.go:205.2,205.46 1 1
github.com/scagogogo/npm-crawler/pkg/registry/registry.go:228.117,232.16 4 1
github.com/scagogogo/npm-crawler/pkg/registry/registry.go:232.16,234.3 1 1
github.com/scagogogo/npm-crawler/pkg/registry/registry.go:235.2,235.52 1 1
github.com/scagogogo/npm-crawler/pkg/registry/registry.go:257.102,260.16 2 1
github.com/scagogogo/npm-crawler/pkg/registry/registry.go:260.16,262.3 1 1
github.com/scagogogo/npm-crawler/pkg/registry/registry.go:265.2,266.22 2 1
github.com/scagogogo/npm-crawler/pkg/registry/registry.go:266.22,268.3 1 1
github.com/scagogogo/npm-crawler/pkg/registry/registry.go:271.2,272.16 2 1
github.com/scagogogo/npm-crawler/pkg/registry/registry.go:272.16,274.3 1 0
github.com/scagogogo/npm-crawler/pkg/registry/registry.go:277.2,277.44 1 1
github.com/scagogogo/npm-crawler/pkg/registry/registry.go:290.42,292.2 1 1
github.com/scagogogo/npm-crawler/pkg/registry/registry.go:304.52,307.16 3 1
github.com/scagogogo/npm-crawler/pkg/registry/registry.go:307.16,310.3 2 1
github.com/scagogogo/npm-crawler/pkg/registry/registry.go:311.2,311.15 1 1
github.com/scagogogo/npm-crawler/pkg/registry/registry.go:325.84,327.27 2 1
github.com/scagogogo/npm-crawler/pkg/registry/registry.go:327.27,329.3 1 1
github.com/scagogogo/npm-crawler/pkg/registry/registry.go:330.2,330.56 1 1
